This is pdfTeX, Version 3.1415926-1.40.10 (TeX Live 2009/Debian) (format=pdflatex 2013.1.16)  10 MAY 2014 02:17
entering extended mode
 %&-line parsing enabled.
**paper
(./paper.tex
LaTeX2e <2009/09/24>
Babel <v3.8l> and hyphenation patterns for english, usenglishmax, dumylang, noh
yphenation, loaded.
(./sigplanconf.cls
Document Class: sigplanconf 2011/11/08 v2.5 ACM SIGPLAN Proceedings
\@numheaddepth=\count79
(/usr/share/texmf-texlive/tex/latex/base/article.cls
Document Class: article 2007/10/19 v1.4h Standard LaTeX document class
(/usr/share/texmf-texlive/tex/latex/base/size10.clo
File: size10.clo 2007/10/19 v1.4h Standard LaTeX file (size option)
)
\c@part=\count80
\c@section=\count81
\c@subsection=\count82
\c@subsubsection=\count83
\c@paragraph=\count84
\c@subparagraph=\count85
\c@figure=\count86
\c@table=\count87
\abovecaptionskip=\skip41
\belowcaptionskip=\skip42
\bibindent=\dimen102
)
\standardtextwidth=\dimen103
\standardvspace=\skip43

Using natbib package with 'numbers' citation style.
(/usr/share/texmf-texlive/tex/latex/natbib/natbib.sty
Package: natbib 2009/07/16 8.31 (PWD, AO)
\bibhang=\skip44
\bibsep=\skip45
LaTeX Info: Redefining \cite on input line 694.
\c@NAT@ctr=\count88
)
\@sectionaboveskip=\skip46
\@sectionbelowskip=\skip47
\@subsectionaboveskip=\skip48
\@subsectionbelowskip=\skip49
\@paragraphaboveskip=\skip50
\@authorcount=\count89
\@titlenotecount=\count90
\@titlenotetext=\toks14
\@fnmark=\toks15
\@authori=\count91
\@measbox=\box26
)
(/usr/share/texmf-texlive/tex/latex/ltxmisc/ulem.sty
\UL@box=\box27
\UL@hyphenbox=\box28
\UL@skip=\skip51
\UL@hook=\toks16
\UL@pe=\count92
\UL@pixel=\dimen104
\ULC@box=\box29
Package: ulem 2000/05/26
\ULdepth=\dimen105
)
(/usr/share/texmf-texlive/tex/latex/tools/tabularx.sty
Package: tabularx 1999/01/07 v2.07 `tabularx' package (DPC)

(/usr/share/texmf-texlive/tex/latex/tools/array.sty
Package: array 2008/09/09 v2.4c Tabular extension package (FMi)
\col@sep=\dimen106
\extrarowheight=\dimen107
\NC@list=\toks17
\extratabsurround=\skip52
\backup@length=\skip53
)
\TX@col@width=\dimen108
\TX@old@table=\dimen109
\TX@old@col=\dimen110
\TX@target=\dimen111
\TX@delta=\dimen112
\TX@cols=\count93
\TX@ftn=\toks18
)
(/usr/share/texmf-texlive/tex/latex/fancyhdr/fancyhdr.sty
\fancy@headwidth=\skip54
\f@ncyO@elh=\skip55
\f@ncyO@erh=\skip56
\f@ncyO@olh=\skip57
\f@ncyO@orh=\skip58
\f@ncyO@elf=\skip59
\f@ncyO@erf=\skip60
\f@ncyO@olf=\skip61
\f@ncyO@orf=\skip62
)
(/usr/share/texmf-texlive/tex/latex/float/float.sty
Package: float 2001/11/08 v1.3d Float enhancements (AL)
\c@float@type=\count94
\float@exts=\toks19
\float@box=\box30
\@float@everytoks=\toks20
\@floatcapt=\box31
)
(/usr/share/texmf-texlive/tex/latex/graphics/graphicx.sty
Package: graphicx 1999/02/16 v1.0f Enhanced LaTeX Graphics (DPC,SPQR)

(/usr/share/texmf-texlive/tex/latex/graphics/keyval.sty
Package: keyval 1999/03/16 v1.13 key=value parser (DPC)
\KV@toks@=\toks21
)
(/usr/share/texmf-texlive/tex/latex/graphics/graphics.sty
Package: graphics 2009/02/05 v1.0o Standard LaTeX Graphics (DPC,SPQR)

(/usr/share/texmf-texlive/tex/latex/graphics/trig.sty
Package: trig 1999/03/16 v1.09 sin cos tan (DPC)
)
(/etc/texmf/tex/latex/config/graphics.cfg
File: graphics.cfg 2009/08/28 v1.8 graphics configuration of TeX Live
)
Package graphics Info: Driver file: pdftex.def on input line 91.

(/usr/share/texmf-texlive/tex/latex/pdftex-def/pdftex.def
File: pdftex.def 2010/03/12 v0.04p Graphics/color for pdfTeX
\Gread@gobject=\count95
))
\Gin@req@height=\dimen113
\Gin@req@width=\dimen114
)
(/usr/share/texmf-texlive/tex/latex/oberdiek/epstopdf.sty
Package: epstopdf 2009/10/17 v2.4 Conversion with epstopdf on the fly (HO)

(/usr/share/texmf-texlive/tex/latex/oberdiek/epstopdf-base.sty
Package: epstopdf-base 2009/10/17 v2.4 Base part for package epstopdf

(/usr/share/texmf-texlive/tex/generic/oberdiek/infwarerr.sty
Package: infwarerr 2007/09/09 v1.2 Providing info/warning/message (HO)
)
(/usr/share/texmf-texlive/tex/latex/oberdiek/grfext.sty
Package: grfext 2007/09/30 v1.0 Managing graphics extensions (HO)
)
(/usr/share/texmf-texlive/tex/latex/oberdiek/kvoptions.sty
Package: kvoptions 2009/08/13 v3.4 Keyval support for LaTeX options (HO)

(/usr/share/texmf-texlive/tex/generic/oberdiek/kvsetkeys.sty
Package: kvsetkeys 2009/07/30 v1.5 Key value parser with default handler suppor
t (HO)

(/usr/share/texmf-texlive/tex/generic/oberdiek/etexcmds.sty
Package: etexcmds 2007/12/12 v1.2 Prefix for e-TeX command names (HO)
Package etexcmds Info: Could not find \expanded.
(etexcmds)             That can mean that you are not using pdfTeX 1.50 or
(etexcmds)             that some package has redefined \expanded.
(etexcmds)             In the latter case, load this package earlier.
)))
(/usr/share/texmf-texlive/tex/generic/oberdiek/pdftexcmds.sty
Package: pdftexcmds 2009/09/23 v0.6 LuaTeX support for pdfTeX utility functions
 (HO)

(/usr/share/texmf-texlive/tex/generic/oberdiek/ifluatex.sty
Package: ifluatex 2009/04/17 v1.2 Provides the ifluatex switch (HO)
Package ifluatex Info: LuaTeX not detected.
)
(/usr/share/texmf-texlive/tex/generic/oberdiek/ltxcmds.sty
Package: ltxcmds 2009/08/05 v1.0 Some LaTeX kernel commands for general use (HO
)
)
Package pdftexcmds Info: LuaTeX not detected.
Package pdftexcmds Info: \pdf@primitive is available.
Package pdftexcmds Info: \pdf@ifprimitive is available.
)

Package epstopdf Warning: Shell escape feature is not enabled.

Package grfext Info: Graphics extension search list:
(grfext)             [.png,.pdf,.jpg,.mps,.jpeg,.jbig2,.jb2,.PNG,.PDF,.JPG,.JPE
G,.JBIG2,.JB2,.eps]
(grfext)             \AppendGraphicsExtensions on input line 433.
(/usr/share/texmf-texlive/tex/latex/latexconfig/epstopdf-sys.cfg
File: epstopdf-sys.cfg 2009/10/26 v1.1 Configuration of epstopdf for TeX Live
)))
(/usr/share/texmf-texlive/tex/latex/caption/caption.sty
Package: caption 2009/10/09 v3.1k Customizing captions (AR)

(/usr/share/texmf-texlive/tex/latex/caption/caption3.sty
Package: caption3 2009/10/09 v3.1k caption3 kernel (AR)
\captionmargin=\dimen115
\captionmargin@=\dimen116
\captionwidth=\dimen117
\caption@indent=\dimen118
\caption@parindent=\dimen119
\caption@hangindent=\dimen120
Package caption Info: Unknown document class (or package),
(caption)             standard defaults will be used on input line 1068.
)

Package caption Warning: Unsupported document class (or package) detected,
(caption)                usage of the caption package is not recommended.
See the caption package documentation for explanation.

Package caption Info: \@makecaption = \long macro:#1#2->\addvspace {4pt} \if \@
caprule \hrule width \hsize height .33pt \vspace {4pt} \fi \setbox \@tempboxa =
 \hbox {\@setfigurenumber {#1.}\nut #2}\if \@dimgtrp {\wd \@tempboxa }{\hsize }
\noindent \@setfigurenumber {#1.}\nut #2\par \else \centerline {\box \@tempboxa
 }\fi .
\c@ContinuedFloat=\count96
Package caption Info: float package is loaded.
) (/usr/share/texmf-texlive/tex/latex/caption/subcaption.sty
Package: subcaption 2008/08/31 v1.0b Adding subcaptions (AR)
\c@subfigure=\count97
\c@subtable=\count98
)
(/usr/share/texmf-texlive/tex/latex/preprint/balance.sty
Package: balance 1999/02/23 4.3 (PWD)
\oldvsize=\dimen121
) (./paper.aux)
\openout1 = `paper.aux'.

LaTeX Font Info:    Checking defaults for OML/cmm/m/it on input line 46.
LaTeX Font Info:    ... okay on input line 46.
LaTeX Font Info:    Checking defaults for T1/cmr/m/n on input line 46.
LaTeX Font Info:    ... okay on input line 46.
LaTeX Font Info:    Checking defaults for OT1/cmr/m/n on input line 46.
LaTeX Font Info:    ... okay on input line 46.
LaTeX Font Info:    Checking defaults for OMS/cmsy/m/n on input line 46.
LaTeX Font Info:    ... okay on input line 46.
LaTeX Font Info:    Checking defaults for OMX/cmex/m/n on input line 46.
LaTeX Font Info:    ... okay on input line 46.
LaTeX Font Info:    Checking defaults for U/cmr/m/n on input line 46.
LaTeX Font Info:    ... okay on input line 46.
LaTeX Font Info:    Try loading font information for OT1+ptm on input line 46.

(/usr/share/texmf-texlive/tex/latex/psnfss/ot1ptm.fd
File: ot1ptm.fd 2001/06/04 font definitions for OT1/ptm.
)
(/usr/share/texmf-texlive/tex/context/base/supp-pdf.mkii
[Loading MPS to PDF converter (version 2006.09.02).]
\scratchcounter=\count99
\scratchdimen=\dimen122
\scratchbox=\box32
\nofMPsegments=\count100
\nofMParguments=\count101
\everyMPshowfont=\toks22
\MPscratchCnt=\count102
\MPscratchDim=\dimen123
\MPnumerator=\count103
\everyMPtoPDFconversion=\toks23
)
Package caption Info: Begin \AtBeginDocument code.
Package caption Info: End \AtBeginDocument code.
LaTeX Font Info:    Font shape `OT1/ptm/bx/n' in size <17.28> not available
(Font)              Font shape `OT1/ptm/b/n' tried instead on input line 58.
 (./sec-abstract.tex
LaTeX Font Info:    Font shape `OT1/ptm/bx/n' in size <12> not available
(Font)              Font shape `OT1/ptm/b/n' tried instead on input line 1.
) (./sec-intro.tex
Underfull \hbox (badness 1122) in paragraph at lines 2--1
\OT1/ptm/m/n/10 pipelined, multi-threaded dig-i-tal hard-ware de-signs from
 []

) (./sec-related.tex
Underfull \vbox (badness 1205) has occurred while \output is active []

)
(./sec-solution.tex

pdfTeX warning: pdflatex (file ./figures/workflow.pdf): PDF inclusion: found PD
F version <1.5>, but at most version <1.4> allowed
<figures/workflow.pdf, id=1, 844.82925pt x 597.48378pt>
File: figures/workflow.pdf Graphic file (type pdf)

<use figures/workflow.pdf>
LaTeX Font Info:    Font shape `OT1/ptm/bx/n' in size <10> not available
(Font)              Font shape `OT1/ptm/b/n' tried instead on input line 4.

Overfull \hbox (21.94691pt too wide) in paragraph at lines 9--10
\OT1/ptm/m/n/10 HLS pro-duces de-signs with un-ac-cept-able per-for-mance/power
/area
 []


Underfull \vbox (badness 10000) has occurred while \output is active []

 [1{/var/lib/texmf/fonts/map/pdftex/updmap/pdftex.map}


]
Underfull \hbox (badness 1742) in paragraph at lines 13--14
\OT1/ptm/m/n/10 con-straints. Some com-mon op-ti-miza-tion tech-niques in-
 []


Underfull \hbox (badness 1052) in paragraph at lines 13--14
\OT1/ptm/m/n/10 threading, out-of-order ex-e-cu-tion, etc. These com-monly
 []


Underfull \vbox (badness 10000) has occurred while \output is active []


Underfull \vbox (badness 10000) has occurred while \output is active []

 [2 <./figures/workflow.pdf>]) (./sec-technical.tex
Underfull \vbox (badness 10000) has occurred while \output is active []



pdfTeX warning: pdflatex (file ./figures/TransactionalInterface.pdf): PDF inclu
sion: found PDF version <1.5>, but at most version <1.4> allowed
<figures/TransactionalInterface.pdf, id=21, 844.82925pt x 597.48378pt>
File: figures/TransactionalInterface.pdf Graphic file (type pdf)

<use figures/TransactionalInterface.pdf> [3 <./figures/TransactionalInterface.p
df>]

pdfTeX warning: pdflatex (file ./figures/initialFSM.pdf): PDF inclusion: found 
PDF version <1.5>, but at most version <1.4> allowed
<figures/initialFSM.pdf, id=34, 844.82925pt x 597.48378pt>
File: figures/initialFSM.pdf Graphic file (type pdf)

<use figures/initialFSM.pdf>

pdfTeX warning: pdflatex (file ./figures/finalFSM.pdf): PDF inclusion: found PD
F version <1.5>, but at most version <1.4> allowed
<figures/finalFSM.pdf, id=36, 844.82925pt x 597.48378pt>
File: figures/finalFSM.pdf Graphic file (type pdf)

<use figures/finalFSM.pdf>
Missing character: There is no â in font ptmr7t!
Missing character: There is no € in font ptmr7t!
Missing character: There is no ™ in font ptmr7t!
 [4 <./figures/initialFSM.pdf> <./figures/finalFSM.pdf>]) (./sec-results.tex
LaTeX Font Info:    External font `cmex10' loaded for size
(Font)              <7> on input line 6.
LaTeX Font Info:    External font `cmex10' loaded for size
(Font)              <5> on input line 6.

Overfull \hbox (33.73131pt too wide) in paragraph at lines 6--7
\OT1/ptm/m/n/10 which can be bro-ken down into $\OML/cmm/m/it/10 Task=Cycle \OM
S/cmsy/m/n/10 ^^C \OT1/cmr/m/n/10 (\OML/cmm/m/it/10 Cycle=Time\OT1/cmr/m/n/10 )
\OML/cmm/m/it/10 =Area$\OT1/ptm/m/n/10 .
 []


Overfull \hbox (4.42102pt too wide) in paragraph at lines 6--7
\OML/cmm/m/it/10 Task=Cycle$ \OT1/ptm/m/n/10 and $\OT1/cmr/m/n/10 (\OML/cmm/m/i
t/10 Cycle=Time\OT1/cmr/m/n/10 )\OML/cmm/m/it/10 =Area$ \OT1/ptm/m/n/10 sep-a-r
ately are shown
 []

[5]

pdfTeX warning: pdflatex (file ./figures/DynamicTaskPerCycle.pdf): PDF inclusio
n: found PDF version <1.5>, but at most version <1.4> allowed
<figures/DynamicTaskPerCycle.pdf, id=64, 627.34375pt x 373.395pt>
File: figures/DynamicTaskPerCycle.pdf Graphic file (type pdf)

<use figures/DynamicTaskPerCycle.pdf>

pdfTeX warning: pdflatex (file ./figures/DynamicFreqPerArea.pdf): PDF inclusion
: found PDF version <1.5>, but at most version <1.4> allowed
<figures/DynamicFreqPerArea.pdf, id=66, 625.33624pt x 376.40625pt>
File: figures/DynamicFreqPerArea.pdf Graphic file (type pdf)

<use figures/DynamicFreqPerArea.pdf>

pdfTeX warning: pdflatex (file ./figures/DynamicThroughputPerArea.pdf): PDF inc
lusion: found PDF version <1.5>, but at most version <1.4> allowed
<figures/DynamicThroughputPerArea.pdf, id=68, 626.34pt x 375.4025pt>
File: figures/DynamicThroughputPerArea.pdf Graphic file (type pdf)

<use figures/DynamicThroughputPerArea.pdf>

pdfTeX warning: pdflatex (file ./figures/FixedTaskPerCycle.pdf): PDF inclusion:
 found PDF version <1.5>, but at most version <1.4> allowed
<figures/FixedTaskPerCycle.pdf, id=70, 627.34375pt x 379.4175pt>
File: figures/FixedTaskPerCycle.pdf Graphic file (type pdf)

<use figures/FixedTaskPerCycle.pdf>

pdfTeX warning: pdflatex (file ./figures/FixedFreqPerArea.pdf): PDF inclusion: 
found PDF version <1.5>, but at most version <1.4> allowed
<figures/FixedFreqPerArea.pdf, id=72, 629.35126pt x 368.37625pt>
File: figures/FixedFreqPerArea.pdf Graphic file (type pdf)

<use figures/FixedFreqPerArea.pdf>

pdfTeX warning: pdflatex (file ./figures/FixedThroughputPerArea.pdf): PDF inclu
sion: found PDF version <1.5>, but at most version <1.4> allowed
<figures/FixedThroughputPerArea.pdf, id=74, 632.3625pt x 376.40625pt>
File: figures/FixedThroughputPerArea.pdf Graphic file (type pdf)

<use figures/FixedThroughputPerArea.pdf>) (./sec-conclusion.tex) [6 <./figures/
DynamicTaskPerCycle.pdf> <./figures/DynamicFreqPerArea.pdf> <./figures/DynamicT
hroughputPerArea.pdf>] [7

 <./figures/FixedTaskPerCycle.pdf> <./figures/FixedFreqPerArea.pdf> <./figures/
FixedThroughputPerArea.pdf>] (./paper.bbl) [8


]
(./paper.aux) ) 
Here is how much of TeX's memory you used:
 3236 strings out of 495061
 47570 string characters out of 1182621
 119650 words of memory out of 3000000
 6348 multiletter control sequences out of 15000+50000
 16550 words of font info for 33 fonts, out of 3000000 for 9000
 28 hyphenation exceptions out of 8191
 41i,7n,43p,1470b,307s stack positions out of 5000i,500n,10000p,200000b,50000s
{/usr/share/texmf-texlive/fonts/enc/dvips/base/8r.enc}</usr/shar
e/texmf-texlive/fonts/type1/public/amsfonts/cm/cmmi10.pfb></usr/share/texmf-tex
live/fonts/type1/public/amsfonts/cm/cmr10.pfb></usr/share/texmf-texlive/fonts/t
ype1/public/amsfonts/cm/cmr7.pfb></usr/share/texmf-texlive/fonts/type1/public/a
msfonts/cm/cmss10.pfb></usr/share/texmf-texlive/fonts/type1/public/amsfonts/cm/
cmsy10.pfb></usr/share/texmf-texlive/fonts/type1/public/amsfonts/cm/cmtt10.pfb>
</usr/share/texmf-texlive/fonts/type1/urw/times/utmb8a.pfb></usr/share/texmf-te
xlive/fonts/type1/urw/times/utmr8a.pfb></usr/share/texmf-texlive/fonts/type1/ur
w/times/utmri8a.pfb>
Output written on paper.pdf (8 pages, 332451 bytes).
PDF statistics:
 154 PDF objects out of 1000 (max. 8388607)
 0 named destinations out of 1000 (max. 500000)
 51 words of extra memory for PDF output out of 10000 (max. 10000000)

